[INFO] Tentative de connexion à la base de données { config: { host: 'db', database: 'crud_app' } }
[INFO] Base de données initialisée avec succès { table: 'users' }
[INFO] Application démarrée avec succès { port: '3000', environment: 'development' }

Serveur démarré sur le port 3000
Health check: http://localhost:3000/health
API Users: http://localhost:3000/api/users
Logs: /var/logs/crud/app.log

[INFO] Health check demandé { endpoint: '/health', method: 'GET', delay: 0 }
[INFO] Health check réussi { endpoint: '/health', method: 'GET', status: 'healthy' }
[INFO] Health check demandé { endpoint: '/health', method: 'GET', delay: 0 }
[INFO] Health check réussi { endpoint: '/health', method: 'GET', status: 'healthy' }
[INFO] Health check demandé { endpoint: '/health', method: 'GET', delay: 0 }
[INFO] Health check réussi { endpoint: '/health', method: 'GET', status: 'healthy' }
[INFO] Health check demandé { endpoint: '/health', method: 'GET', delay: 0 }
[INFO] Health check réussi { endpoint: '/health', method: 'GET', status: 'healthy' }
[INFO] Health check demandé { endpoint: '/health', method: 'GET', delay: 0 }
[INFO] Health check réussi { endpoint: '/health', method: 'GET', status: 'healthy' }
[INFO] Health check demandé { endpoint: '/health', method: 'GET', delay: 0 }
[INFO] Health check réussi { endpoint: '/health', method: 'GET', status: 'healthy' }
[INFO] Health check demandé { endpoint: '/health', method: 'GET', delay: 0 }
[INFO] Health check réussi { endpoint: '/health', method: 'GET', status: 'healthy' }
[INFO] Health check demandé { endpoint: '/health', method: 'GET', delay: 0 }
[INFO] Health check réussi { endpoint: '/health', method: 'GET', status: 'healthy' }
[INFO] Health check demandé { endpoint: '/health', method: 'GET', delay: 0 }
[INFO] Health check réussi { endpoint: '/health', method: 'GET', status: 'healthy' }
[INFO] Health check demandé { endpoint: '/health', method: 'GET', delay: 0 }
[INFO] Health check réussi { endpoint: '/health', method: 'GET', status: 'healthy' }
[INFO] Health check demandé { endpoint: '/health', method: 'GET', delay: 0 }
[INFO] Health check réussi { endpoint: '/health', method: 'GET', status: 'healthy' }
[INFO] Récupération d'un utilisateur { endpoint: '/api/users/:uuid', method: 'GET', uuid: '5', delay: 0 }
[WARN] Utilisateur non trouvé { endpoint: '/api/users/:uuid', method: 'GET', uuid: '5', status: 404 }
[WARN] Route non trouvée { endpoint: '/favicon.ico', method: 'GET', status: 404 }
[INFO] Récupération d'un utilisateur { endpoint: '/api/users/:uuid', method: 'GET', uuid: '5', delay: 0 }
[WARN] Utilisateur non trouvé { endpoint: '/api/users/:uuid', method: 'GET', uuid: '5', status: 404 }
[WARN] Route non trouvée { endpoint: '/favicon.ico', method: 'GET', status: 404 }
[INFO] Récupération d'un utilisateur { endpoint: '/api/users/:uuid', method: 'GET', uuid: '5', delay: 0 }
[WARN] Utilisateur non trouvé { endpoint: '/api/users/:uuid', method: 'GET', uuid: '5', status: 404 }
[WARN] Route non trouvée { endpoint: '/favicon.ico', method: 'GET', status: 404 }
[INFO] Récupération d'un utilisateur { endpoint: '/api/users/:uuid', method: 'GET', uuid: '5', delay: 0 }
[WARN] Utilisateur non trouvé { endpoint: '/api/users/:uuid', method: 'GET', uuid: '5', status: 404 }
[WARN] Route non trouvée { endpoint: '/favicon.ico', method: 'GET', status: 404 }
[INFO] Récupération d'un utilisateur { endpoint: '/api/users/:uuid', method: 'GET', uuid: '5', delay: 0 }
[WARN] Utilisateur non trouvé { endpoint: '/api/users/:uuid', method: 'GET', uuid: '5', status: 404 }
[WARN] Route non trouvée { endpoint: '/favicon.ico', method: 'GET', status: 404 }
[INFO] Récupération d'un utilisateur { endpoint: '/api/users/:uuid', method: 'GET', uuid: '5', delay: 0 }
[WARN] Utilisateur non trouvé { endpoint: '/api/users/:uuid', method: 'GET', uuid: '5', status: 404 }
[WARN] Route non trouvée { endpoint: '/favicon.ico', method: 'GET', status: 404 }
[INFO] Récupération d'un utilisateur { endpoint: '/api/users/:uuid', method: 'GET', uuid: '5', delay: 0 }
[WARN] Utilisateur non trouvé { endpoint: '/api/users/:uuid', method: 'GET', uuid: '5', status: 404 }
[WARN] Route non trouvée { endpoint: '/favicon.ico', method: 'GET', status: 404 }
[INFO] Récupération d'un utilisateur { endpoint: '/api/users/:uuid', method: 'GET', uuid: '5', delay: 0 }
[WARN] Utilisateur non trouvé { endpoint: '/api/users/:uuid', method: 'GET', uuid: '5', status: 404 }
[WARN] Route non trouvée { endpoint: '/favicon.ico', method: 'GET', status: 404 }
[INFO] Récupération d'un utilisateur { endpoint: '/api/users/:uuid', method: 'GET', uuid: '5', delay: 0 }
[WARN] Utilisateur non trouvé { endpoint: '/api/users/:uuid', method: 'GET', uuid: '5', status: 404 }
[WARN] Route non trouvée { endpoint: '/favicon.ico', method: 'GET', status: 404 }
[INFO] Récupération d'un utilisateur { endpoint: '/api/users/:uuid', method: 'GET', uuid: '5', delay: 0 }
[WARN] Utilisateur non trouvé { endpoint: '/api/users/:uuid', method: 'GET', uuid: '5', status: 404 }
[WARN] Route non trouvée { endpoint: '/favicon.ico', method: 'GET', status: 404 }
[INFO] Récupération d'un utilisateur { endpoint: '/api/users/:uuid', method: 'GET', uuid: '5', delay: 0 }
[WARN] Utilisateur non trouvé { endpoint: '/api/users/:uuid', method: 'GET', uuid: '5', status: 404 }
[WARN] Route non trouvée { endpoint: '/favicon.ico', method: 'GET', status: 404 }
[INFO] Récupération d'un utilisateur { endpoint: '/api/users/:uuid', method: 'GET', uuid: '5', delay: 0 }
[WARN] Utilisateur non trouvé { endpoint: '/api/users/:uuid', method: 'GET', uuid: '5', status: 404 }
[WARN] Route non trouvée { endpoint: '/favicon.ico', method: 'GET', status: 404 }
[INFO] Health check demandé { endpoint: '/health', method: 'GET', delay: 0 }
[INFO] Health check réussi { endpoint: '/health', method: 'GET', status: 'healthy' }
[INFO] Health check demandé { endpoint: '/health', method: 'GET', delay: 0 }
[INFO] Health check réussi { endpoint: '/health', method: 'GET', status: 'healthy' }
[INFO] Health check demandé { endpoint: '/health', method: 'GET', delay: 0 }
[INFO] Health check réussi { endpoint: '/health', method: 'GET', status: 'healthy' }
[INFO] Health check demandé { endpoint: '/health', method: 'GET', delay: 0 }
[INFO] Health check réussi { endpoint: '/health', method: 'GET', status: 'healthy' }
[INFO] Récupération d'un utilisateur { endpoint: '/api/users/:uuid', method: 'GET', uuid: '5', delay: 0 }
[WARN] Utilisateur non trouvé { endpoint: '/api/users/:uuid', method: 'GET', uuid: '5', status: 404 }
[WARN] Route non trouvée { endpoint: '/favicon.ico', method: 'GET', status: 404 }
[INFO] Récupération d'un utilisateur { endpoint: '/api/users/:uuid', method: 'GET', uuid: '5', delay: 0 }
[WARN] Utilisateur non trouvé { endpoint: '/api/users/:uuid', method: 'GET', uuid: '5', status: 404 }
[WARN] Route non trouvée { endpoint: '/favicon.ico', method: 'GET', status: 404 }
[INFO] Récupération d'un utilisateur { endpoint: '/api/users/:uuid', method: 'GET', uuid: '5', delay: 0 }
[WARN] Utilisateur non trouvé { endpoint: '/api/users/:uuid', method: 'GET', uuid: '5', status: 404 }
[WARN] Route non trouvée { endpoint: '/favicon.ico', method: 'GET', status: 404 }
[INFO] Récupération d'un utilisateur { endpoint: '/api/users/:uuid', method: 'GET', uuid: '5', delay: 0 }
[WARN] Utilisateur non trouvé { endpoint: '/api/users/:uuid', method: 'GET', uuid: '5', status: 404 }
[WARN] Route non trouvée { endpoint: '/favicon.ico', method: 'GET', status: 404 }
[INFO] Récupération d'un utilisateur { endpoint: '/api/users/:uuid', method: 'GET', uuid: '5', delay: 0 }
[WARN] Utilisateur non trouvé { endpoint: '/api/users/:uuid', method: 'GET', uuid: '5', status: 404 }
[WARN] Route non trouvée { endpoint: '/favicon.ico', method: 'GET', status: 404 }
[INFO] Récupération d'un utilisateur { endpoint: '/api/users/:uuid', method: 'GET', uuid: '5', delay: 0 }
[WARN] Utilisateur non trouvé { endpoint: '/api/users/:uuid', method: 'GET', uuid: '5', status: 404 }
[WARN] Route non trouvée { endpoint: '/favicon.ico', method: 'GET', status: 404 }
[INFO] Récupération d'un utilisateur { endpoint: '/api/users/:uuid', method: 'GET', uuid: '5', delay: 0 }
[WARN] Utilisateur non trouvé { endpoint: '/api/users/:uuid', method: 'GET', uuid: '5', status: 404 }
[WARN] Route non trouvée { endpoint: '/favicon.ico', method: 'GET', status: 404 }
[INFO] Récupération d'un utilisateur { endpoint: '/api/users/:uuid', method: 'GET', uuid: '5', delay: 0 }
[WARN] Utilisateur non trouvé { endpoint: '/api/users/:uuid', method: 'GET', uuid: '5', status: 404 }
[WARN] Route non trouvée { endpoint: '/favicon.ico', method: 'GET', status: 404 }
[INFO] Récupération d'un utilisateur { endpoint: '/api/users/:uuid', method: 'GET', uuid: '5', delay: 0 }
[WARN] Utilisateur non trouvé { endpoint: '/api/users/:uuid', method: 'GET', uuid: '5', status: 404 }
[WARN] Route non trouvée { endpoint: '/favicon.ico', method: 'GET', status: 404 }
[INFO] Récupération d'un utilisateur { endpoint: '/api/users/:uuid', method: 'GET', uuid: '5', delay: 0 }
[WARN] Utilisateur non trouvé { endpoint: '/api/users/:uuid', method: 'GET', uuid: '5', status: 404 }
[WARN] Route non trouvée { endpoint: '/favicon.ico', method: 'GET', status: 404 }
[INFO] Récupération d'un utilisateur { endpoint: '/api/users/:uuid', method: 'GET', uuid: '5', delay: 0 }
[WARN] Utilisateur non trouvé { endpoint: '/api/users/:uuid', method: 'GET', uuid: '5', status: 404 }
[WARN] Route non trouvée { endpoint: '/favicon.ico', method: 'GET', status: 404 }
[INFO] Récupération d'un utilisateur { endpoint: '/api/users/:uuid', method: 'GET', uuid: '5', delay: 0 }
[WARN] Utilisateur non trouvé { endpoint: '/api/users/:uuid', method: 'GET', uuid: '5', status: 404 }
[WARN] Route non trouvée { endpoint: '/favicon.ico', method: 'GET', status: 404 }
[INFO] Récupération d'un utilisateur { endpoint: '/api/users/:uuid', method: 'GET', uuid: '5', delay: 0 }
[WARN] Utilisateur non trouvé { endpoint: '/api/users/:uuid', method: 'GET', uuid: '5', status: 404 }
[WARN] Route non trouvée { endpoint: '/favicon.ico', method: 'GET', status: 404 }
[INFO] Récupération d'un utilisateur { endpoint: '/api/users/:uuid', method: 'GET', uuid: '5', delay: 0 }
[WARN] Utilisateur non trouvé { endpoint: '/api/users/:uuid', method: 'GET', uuid: '5', status: 404 }
[WARN] Route non trouvée { endpoint: '/favicon.ico', method: 'GET', status: 404 }
[INFO] Récupération d'un utilisateur { endpoint: '/api/users/:uuid', method: 'GET', uuid: '5', delay: 0 }
[WARN] Utilisateur non trouvé { endpoint: '/api/users/:uuid', method: 'GET', uuid: '5', status: 404 }
[WARN] Route non trouvée { endpoint: '/favicon.ico', method: 'GET', status: 404 }
[INFO] Récupération d'un utilisateur { endpoint: '/api/users/:uuid', method: 'GET', uuid: '5', delay: 0 }
[WARN] Utilisateur non trouvé { endpoint: '/api/users/:uuid', method: 'GET', uuid: '5', status: 404 }
[WARN] Route non trouvée { endpoint: '/favicon.ico', method: 'GET', status: 404 }
[INFO] Récupération d'un utilisateur { endpoint: '/api/users/:uuid', method: 'GET', uuid: '5', delay: 0 }
[WARN] Utilisateur non trouvé { endpoint: '/api/users/:uuid', method: 'GET', uuid: '5', status: 404 }
[WARN] Route non trouvée { endpoint: '/favicon.ico', method: 'GET', status: 404 }
[INFO] Récupération d'un utilisateur { endpoint: '/api/users/:uuid', method: 'GET', uuid: '5', delay: 0 }
[WARN] Utilisateur non trouvé { endpoint: '/api/users/:uuid', method: 'GET', uuid: '5', status: 404 }
[WARN] Route non trouvée { endpoint: '/favicon.ico', method: 'GET', status: 404 }
[INFO] Health check demandé { endpoint: '/health', method: 'GET', delay: 0 }
[INFO] Health check réussi { endpoint: '/health', method: 'GET', status: 'healthy' }
[INFO] Health check demandé { endpoint: '/health', method: 'GET', delay: 0 }
[INFO] Health check réussi { endpoint: '/health', method: 'GET', status: 'healthy' }
[INFO] Health check demandé { endpoint: '/health', method: 'GET', delay: 0 }
[INFO] Health check réussi { endpoint: '/health', method: 'GET', status: 'healthy' }
[INFO] Health check demandé { endpoint: '/health', method: 'GET', delay: 0 }
[INFO] Health check réussi { endpoint: '/health', method: 'GET', status: 'healthy' }
[INFO] Health check demandé { endpoint: '/health', method: 'GET', delay: 0 }
[INFO] Health check réussi { endpoint: '/health', method: 'GET', status: 'healthy' }
[INFO] Health check demandé { endpoint: '/health', method: 'GET', delay: 0 }
[INFO] Health check réussi { endpoint: '/health', method: 'GET', status: 'healthy' }
[INFO] Récupération d'un utilisateur { endpoint: '/api/users/:uuid', method: 'GET', uuid: '5', delay: 0 }
[WARN] Utilisateur non trouvé { endpoint: '/api/users/:uuid', method: 'GET', uuid: '5', status: 404 }
[WARN] Route non trouvée { endpoint: '/favicon.ico', method: 'GET', status: 404 }
[INFO] Récupération d'un utilisateur { endpoint: '/api/users/:uuid', method: 'GET', uuid: '5', delay: 0 }
[WARN] Utilisateur non trouvé { endpoint: '/api/users/:uuid', method: 'GET', uuid: '5', status: 404 }
[WARN] Route non trouvée { endpoint: '/favicon.ico', method: 'GET', status: 404 }
[INFO] Récupération d'un utilisateur { endpoint: '/api/users/:uuid', method: 'GET', uuid: '5', delay: 0 }
[WARN] Utilisateur non trouvé { endpoint: '/api/users/:uuid', method: 'GET', uuid: '5', status: 404 }
[WARN] Route non trouvée { endpoint: '/favicon.ico', method: 'GET', status: 404 }
[INFO] Récupération d'un utilisateur { endpoint: '/api/users/:uuid', method: 'GET', uuid: '5', delay: 0 }
[WARN] Utilisateur non trouvé { endpoint: '/api/users/:uuid', method: 'GET', uuid: '5', status: 404 }
[WARN] Route non trouvée { endpoint: '/favicon.ico', method: 'GET', status: 404 }
[INFO] Récupération d'un utilisateur { endpoint: '/api/users/:uuid', method: 'GET', uuid: '5', delay: 0 }
[WARN] Utilisateur non trouvé { endpoint: '/api/users/:uuid', method: 'GET', uuid: '5', status: 404 }
[WARN] Route non trouvée { endpoint: '/favicon.ico', method: 'GET', status: 404 }
[INFO] Récupération d'un utilisateur { endpoint: '/api/users/:uuid', method: 'GET', uuid: '5', delay: 0 }
[WARN] Utilisateur non trouvé { endpoint: '/api/users/:uuid', method: 'GET', uuid: '5', status: 404 }
[WARN] Route non trouvée { endpoint: '/favicon.ico', method: 'GET', status: 404 }
[INFO] Récupération d'un utilisateur { endpoint: '/api/users/:uuid', method: 'GET', uuid: '5', delay: 0 }
[WARN] Utilisateur non trouvé { endpoint: '/api/users/:uuid', method: 'GET', uuid: '5', status: 404 }
[WARN] Route non trouvée { endpoint: '/favicon.ico', method: 'GET', status: 404 }
[INFO] Récupération d'un utilisateur { endpoint: '/api/users/:uuid', method: 'GET', uuid: '5', delay: 0 }
[WARN] Utilisateur non trouvé { endpoint: '/api/users/:uuid', method: 'GET', uuid: '5', status: 404 }
[WARN] Route non trouvée { endpoint: '/favicon.ico', method: 'GET', status: 404 }
[INFO] Récupération d'un utilisateur { endpoint: '/api/users/:uuid', method: 'GET', uuid: '5', delay: 0 }
[WARN] Utilisateur non trouvé { endpoint: '/api/users/:uuid', method: 'GET', uuid: '5', status: 404 }
[WARN] Route non trouvée { endpoint: '/favicon.ico', method: 'GET', status: 404 }
[INFO] Récupération d'un utilisateur { endpoint: '/api/users/:uuid', method: 'GET', uuid: '5', delay: 0 }
[WARN] Utilisateur non trouvé { endpoint: '/api/users/:uuid', method: 'GET', uuid: '5', status: 404 }
[WARN] Route non trouvée { endpoint: '/favicon.ico', method: 'GET', status: 404 }
[INFO] Récupération d'un utilisateur { endpoint: '/api/users/:uuid', method: 'GET', uuid: '5', delay: 0 }
[WARN] Utilisateur non trouvé { endpoint: '/api/users/:uuid', method: 'GET', uuid: '5', status: 404 }
[WARN] Route non trouvée { endpoint: '/favicon.ico', method: 'GET', status: 404 }
[INFO] Récupération d'un utilisateur { endpoint: '/api/users/:uuid', method: 'GET', uuid: '5', delay: 0 }
[WARN] Utilisateur non trouvé { endpoint: '/api/users/:uuid', method: 'GET', uuid: '5', status: 404 }
[WARN] Route non trouvée { endpoint: '/favicon.ico', method: 'GET', status: 404 }
[INFO] Récupération d'un utilisateur { endpoint: '/api/users/:uuid', method: 'GET', uuid: '5', delay: 0 }
[WARN] Utilisateur non trouvé { endpoint: '/api/users/:uuid', method: 'GET', uuid: '5', status: 404 }
[WARN] Route non trouvée { endpoint: '/favicon.ico', method: 'GET', status: 404 }
[INFO] Récupération d'un utilisateur { endpoint: '/api/users/:uuid', method: 'GET', uuid: '5', delay: 0 }
[WARN] Utilisateur non trouvé { endpoint: '/api/users/:uuid', method: 'GET', uuid: '5', status: 404 }
[WARN] Route non trouvée { endpoint: '/favicon.ico', method: 'GET', status: 404 }
[INFO] Récupération d'un utilisateur { endpoint: '/api/users/:uuid', method: 'GET', uuid: '5', delay: 0 }
[WARN] Utilisateur non trouvé { endpoint: '/api/users/:uuid', method: 'GET', uuid: '5', status: 404 }
[WARN] Route non trouvée { endpoint: '/favicon.ico', method: 'GET', status: 404 }
[INFO] Récupération d'un utilisateur { endpoint: '/api/users/:uuid', method: 'GET', uuid: '5', delay: 0 }
[WARN] Utilisateur non trouvé { endpoint: '/api/users/:uuid', method: 'GET', uuid: '5', status: 404 }
[WARN] Route non trouvée { endpoint: '/favicon.ico', method: 'GET', status: 404 }
[INFO] Récupération d'un utilisateur { endpoint: '/api/users/:uuid', method: 'GET', uuid: '5', delay: 0 }
[WARN] Utilisateur non trouvé { endpoint: '/api/users/:uuid', method: 'GET', uuid: '5', status: 404 }
[WARN] Route non trouvée { endpoint: '/favicon.ico', method: 'GET', status: 404 }
[INFO] Récupération d'un utilisateur { endpoint: '/api/users/:uuid', method: 'GET', uuid: '5', delay: 0 }
[WARN] Utilisateur non trouvé { endpoint: '/api/users/:uuid', method: 'GET', uuid: '5', status: 404 }
[WARN] Route non trouvée { endpoint: '/favicon.ico', method: 'GET', status: 404 }
[INFO] Récupération d'un utilisateur { endpoint: '/api/users/:uuid', method: 'GET', uuid: '5', delay: 0 }
[WARN] Utilisateur non trouvé { endpoint: '/api/users/:uuid', method: 'GET', uuid: '5', status: 404 }
[WARN] Route non trouvée { endpoint: '/favicon.ico', method: 'GET', status: 404 }
[INFO] Récupération d'un utilisateur { endpoint: '/api/users/:uuid', method: 'GET', uuid: '5', delay: 0 }
[WARN] Utilisateur non trouvé { endpoint: '/api/users/:uuid', method: 'GET', uuid: '5', status: 404 }
[WARN] Route non trouvée { endpoint: '/favicon.ico', method: 'GET', status: 404 }
[INFO] Récupération d'un utilisateur { endpoint: '/api/users/:uuid', method: 'GET', uuid: '5', delay: 0 }
[WARN] Utilisateur non trouvé { endpoint: '/api/users/:uuid', method: 'GET', uuid: '5', status: 404 }
[WARN] Route non trouvée { endpoint: '/favicon.ico', method: 'GET', status: 404 }
[INFO] Récupération d'un utilisateur { endpoint: '/api/users/:uuid', method: 'GET', uuid: '5', delay: 0 }
[WARN] Utilisateur non trouvé { endpoint: '/api/users/:uuid', method: 'GET', uuid: '5', status: 404 }
[WARN] Route non trouvée { endpoint: '/favicon.ico', method: 'GET', status: 404 }
[INFO] Récupération d'un utilisateur { endpoint: '/api/users/:uuid', method: 'GET', uuid: '5', delay: 0 }
[WARN] Utilisateur non trouvé { endpoint: '/api/users/:uuid', method: 'GET', uuid: '5', status: 404 }
[WARN] Route non trouvée { endpoint: '/favicon.ico', method: 'GET', status: 404 }
[INFO] Récupération d'un utilisateur { endpoint: '/api/users/:uuid', method: 'GET', uuid: '5', delay: 0 }
[WARN] Utilisateur non trouvé { endpoint: '/api/users/:uuid', method: 'GET', uuid: '5', status: 404 }
[WARN] Route non trouvée { endpoint: '/favicon.ico', method: 'GET', status: 404 }
[INFO] Récupération d'un utilisateur { endpoint: '/api/users/:uuid', method: 'GET', uuid: '5', delay: 0 }
[WARN] Utilisateur non trouvé { endpoint: '/api/users/:uuid', method: 'GET', uuid: '5', status: 404 }
[WARN] Route non trouvée { endpoint: '/favicon.ico', method: 'GET', status: 404 }
[INFO] Récupération d'un utilisateur { endpoint: '/api/users/:uuid', method: 'GET', uuid: '5', delay: 0 }
[WARN] Utilisateur non trouvé { endpoint: '/api/users/:uuid', method: 'GET', uuid: '5', status: 404 }
[WARN] Route non trouvée { endpoint: '/favicon.ico', method: 'GET', status: 404 }
[INFO] Récupération d'un utilisateur { endpoint: '/api/users/:uuid', method: 'GET', uuid: '5', delay: 0 }
[WARN] Utilisateur non trouvé { endpoint: '/api/users/:uuid', method: 'GET', uuid: '5', status: 404 }
[WARN] Route non trouvée { endpoint: '/favicon.ico', method: 'GET', status: 404 }
[INFO] Récupération d'un utilisateur { endpoint: '/api/users/:uuid', method: 'GET', uuid: '5', delay: 0 }
[WARN] Utilisateur non trouvé { endpoint: '/api/users/:uuid', method: 'GET', uuid: '5', status: 404 }
[WARN] Route non trouvée { endpoint: '/favicon.ico', method: 'GET', status: 404 }
[INFO] Récupération d'un utilisateur { endpoint: '/api/users/:uuid', method: 'GET', uuid: '5', delay: 0 }
[WARN] Utilisateur non trouvé { endpoint: '/api/users/:uuid', method: 'GET', uuid: '5', status: 404 }
[WARN] Route non trouvée { endpoint: '/favicon.ico', method: 'GET', status: 404 }
[INFO] Récupération d'un utilisateur { endpoint: '/api/users/:uuid', method: 'GET', uuid: '5', delay: 0 }
[WARN] Utilisateur non trouvé { endpoint: '/api/users/:uuid', method: 'GET', uuid: '5', status: 404 }
[WARN] Route non trouvée { endpoint: '/favicon.ico', method: 'GET', status: 404 }
[INFO] Récupération d'un utilisateur { endpoint: '/api/users/:uuid', method: 'GET', uuid: '5', delay: 0 }
[WARN] Utilisateur non trouvé { endpoint: '/api/users/:uuid', method: 'GET', uuid: '5', status: 404 }
[WARN] Route non trouvée { endpoint: '/favicon.ico', method: 'GET', status: 404 }
[INFO] Récupération d'un utilisateur { endpoint: '/api/users/:uuid', method: 'GET', uuid: '5', delay: 0 }
[WARN] Utilisateur non trouvé { endpoint: '/api/users/:uuid', method: 'GET', uuid: '5', status: 404 }
[WARN] Route non trouvée { endpoint: '/favicon.ico', method: 'GET', status: 404 }
[INFO] Récupération d'un utilisateur { endpoint: '/api/users/:uuid', method: 'GET', uuid: '5', delay: 0 }
[WARN] Utilisateur non trouvé { endpoint: '/api/users/:uuid', method: 'GET', uuid: '5', status: 404 }
[WARN] Route non trouvée { endpoint: '/favicon.ico', method: 'GET', status: 404 }
[INFO] Récupération d'un utilisateur { endpoint: '/api/users/:uuid', method: 'GET', uuid: '5', delay: 0 }
[WARN] Utilisateur non trouvé { endpoint: '/api/users/:uuid', method: 'GET', uuid: '5', status: 404 }
[WARN] Route non trouvée { endpoint: '/favicon.ico', method: 'GET', status: 404 }
[INFO] Health check demandé { endpoint: '/health', method: 'GET', delay: 0 }
[INFO] Health check réussi { endpoint: '/health', method: 'GET', status: 'healthy' }
[INFO] Health check demandé { endpoint: '/health', method: 'GET', delay: 0 }
[INFO] Health check réussi { endpoint: '/health', method: 'GET', status: 'healthy' }
[INFO] Health check demandé { endpoint: '/health', method: 'GET', delay: 0 }
[INFO] Health check réussi { endpoint: '/health', method: 'GET', status: 'healthy' }
[INFO] Health check demandé { endpoint: '/health', method: 'GET', delay: 0 }
[INFO] Health check réussi { endpoint: '/health', method: 'GET', status: 'healthy' }
[INFO] Health check demandé { endpoint: '/health', method: 'GET', delay: 0 }
[INFO] Health check réussi { endpoint: '/health', method: 'GET', status: 'healthy' }
[INFO] Health check demandé { endpoint: '/health', method: 'GET', delay: 0 }
[INFO] Health check réussi { endpoint: '/health', method: 'GET', status: 'healthy' }
[INFO] Health check demandé { endpoint: '/health', method: 'GET', delay: 0 }
[INFO] Health check réussi { endpoint: '/health', method: 'GET', status: 'healthy' }
[INFO] Health check demandé { endpoint: '/health', method: 'GET', delay: 0 }
[INFO] Health check réussi { endpoint: '/health', method: 'GET', status: 'healthy' }
[INFO] Récupération d'un utilisateur { endpoint: '/api/users/:uuid', method: 'GET', uuid: '5', delay: 0 }
[WARN] Utilisateur non trouvé { endpoint: '/api/users/:uuid', method: 'GET', uuid: '5', status: 404 }
[WARN] Route non trouvée { endpoint: '/favicon.ico', method: 'GET', status: 404 }
[INFO] Récupération d'un utilisateur { endpoint: '/api/users/:uuid', method: 'GET', uuid: '5', delay: 0 }
[WARN] Utilisateur non trouvé { endpoint: '/api/users/:uuid', method: 'GET', uuid: '5', status: 404 }
[WARN] Route non trouvée { endpoint: '/favicon.ico', method: 'GET', status: 404 }
[INFO] Récupération d'un utilisateur { endpoint: '/api/users/:uuid', method: 'GET', uuid: '5', delay: 0 }
[WARN] Utilisateur non trouvé { endpoint: '/api/users/:uuid', method: 'GET', uuid: '5', status: 404 }
[WARN] Route non trouvée { endpoint: '/favicon.ico', method: 'GET', status: 404 }
[INFO] Récupération d'un utilisateur { endpoint: '/api/users/:uuid', method: 'GET', uuid: '5', delay: 0 }
[WARN] Utilisateur non trouvé { endpoint: '/api/users/:uuid', method: 'GET', uuid: '5', status: 404 }
[WARN] Route non trouvée { endpoint: '/favicon.ico', method: 'GET', status: 404 }
[INFO] Récupération d'un utilisateur { endpoint: '/api/users/:uuid', method: 'GET', uuid: '5', delay: 0 }
[WARN] Utilisateur non trouvé { endpoint: '/api/users/:uuid', method: 'GET', uuid: '5', status: 404 }
[WARN] Route non trouvée { endpoint: '/favicon.ico', method: 'GET', status: 404 }
[INFO] Récupération d'un utilisateur { endpoint: '/api/users/:uuid', method: 'GET', uuid: '5', delay: 0 }
[WARN] Utilisateur non trouvé { endpoint: '/api/users/:uuid', method: 'GET', uuid: '5', status: 404 }
[WARN] Route non trouvée { endpoint: '/favicon.ico', method: 'GET', status: 404 }
[INFO] Récupération d'un utilisateur { endpoint: '/api/users/:uuid', method: 'GET', uuid: '5', delay: 0 }
[WARN] Utilisateur non trouvé { endpoint: '/api/users/:uuid', method: 'GET', uuid: '5', status: 404 }
[WARN] Route non trouvée { endpoint: '/favicon.ico', method: 'GET', status: 404 }
[INFO] Récupération d'un utilisateur { endpoint: '/api/users/:uuid', method: 'GET', uuid: '5', delay: 0 }
[WARN] Utilisateur non trouvé { endpoint: '/api/users/:uuid', method: 'GET', uuid: '5', status: 404 }
[WARN] Route non trouvée { endpoint: '/favicon.ico', method: 'GET', status: 404 }
[INFO] Récupération d'un utilisateur { endpoint: '/api/users/:uuid', method: 'GET', uuid: '5', delay: 0 }
[WARN] Utilisateur non trouvé { endpoint: '/api/users/:uuid', method: 'GET', uuid: '5', status: 404 }
[WARN] Route non trouvée { endpoint: '/favicon.ico', method: 'GET', status: 404 }
[INFO] Récupération d'un utilisateur { endpoint: '/api/users/:uuid', method: 'GET', uuid: '5', delay: 0 }
[WARN] Utilisateur non trouvé { endpoint: '/api/users/:uuid', method: 'GET', uuid: '5', status: 404 }
[WARN] Route non trouvée { endpoint: '/favicon.ico', method: 'GET', status: 404 }
[INFO] Récupération d'un utilisateur { endpoint: '/api/users/:uuid', method: 'GET', uuid: '5', delay: 0 }
[WARN] Utilisateur non trouvé { endpoint: '/api/users/:uuid', method: 'GET', uuid: '5', status: 404 }
[WARN] Route non trouvée { endpoint: '/favicon.ico', method: 'GET', status: 404 }
[INFO] Récupération d'un utilisateur { endpoint: '/api/users/:uuid', method: 'GET', uuid: '5', delay: 0 }
[WARN] Utilisateur non trouvé { endpoint: '/api/users/:uuid', method: 'GET', uuid: '5', status: 404 }
[WARN] Route non trouvée { endpoint: '/favicon.ico', method: 'GET', status: 404 }
[INFO] Récupération d'un utilisateur { endpoint: '/api/users/:uuid', method: 'GET', uuid: '5', delay: 0 }
[WARN] Utilisateur non trouvé { endpoint: '/api/users/:uuid', method: 'GET', uuid: '5', status: 404 }
[WARN] Route non trouvée { endpoint: '/favicon.ico', method: 'GET', status: 404 }
[INFO] Récupération d'un utilisateur { endpoint: '/api/users/:uuid', method: 'GET', uuid: '5', delay: 0 }
[WARN] Utilisateur non trouvé { endpoint: '/api/users/:uuid', method: 'GET', uuid: '5', status: 404 }
[WARN] Route non trouvée { endpoint: '/favicon.ico', method: 'GET', status: 404 }
[INFO] Récupération d'un utilisateur { endpoint: '/api/users/:uuid', method: 'GET', uuid: '5', delay: 0 }
[WARN] Utilisateur non trouvé { endpoint: '/api/users/:uuid', method: 'GET', uuid: '5', status: 404 }
[WARN] Route non trouvée { endpoint: '/favicon.ico', method: 'GET', status: 404 }
[INFO] Récupération d'un utilisateur { endpoint: '/api/users/:uuid', method: 'GET', uuid: '5', delay: 0 }
[WARN] Utilisateur non trouvé { endpoint: '/api/users/:uuid', method: 'GET', uuid: '5', status: 404 }
[WARN] Route non trouvée { endpoint: '/favicon.ico', method: 'GET', status: 404 }
[INFO] Récupération d'un utilisateur { endpoint: '/api/users/:uuid', method: 'GET', uuid: '5', delay: 0 }
[WARN] Utilisateur non trouvé { endpoint: '/api/users/:uuid', method: 'GET', uuid: '5', status: 404 }
[WARN] Route non trouvée { endpoint: '/favicon.ico', method: 'GET', status: 404 }
[INFO] Récupération d'un utilisateur { endpoint: '/api/users/:uuid', method: 'GET', uuid: '5', delay: 0 }
[WARN] Utilisateur non trouvé { endpoint: '/api/users/:uuid', method: 'GET', uuid: '5', status: 404 }
[WARN] Route non trouvée { endpoint: '/favicon.ico', method: 'GET', status: 404 }
[INFO] Récupération d'un utilisateur { endpoint: '/api/users/:uuid', method: 'GET', uuid: '5', delay: 0 }
[WARN] Utilisateur non trouvé { endpoint: '/api/users/:uuid', method: 'GET', uuid: '5', status: 404 }
[WARN] Route non trouvée { endpoint: '/favicon.ico', method: 'GET', status: 404 }
[INFO] Récupération d'un utilisateur { endpoint: '/api/users/:uuid', method: 'GET', uuid: '5', delay: 0 }
[WARN] Utilisateur non trouvé { endpoint: '/api/users/:uuid', method: 'GET', uuid: '5', status: 404 }
[WARN] Route non trouvée { endpoint: '/favicon.ico', method: 'GET', status: 404 }
[INFO] Récupération d'un utilisateur { endpoint: '/api/users/:uuid', method: 'GET', uuid: '5', delay: 0 }
[WARN] Utilisateur non trouvé { endpoint: '/api/users/:uuid', method: 'GET', uuid: '5', status: 404 }
[WARN] Route non trouvée { endpoint: '/favicon.ico', method: 'GET', status: 404 }
[INFO] Récupération d'un utilisateur { endpoint: '/api/users/:uuid', method: 'GET', uuid: '5', delay: 0 }
[WARN] Utilisateur non trouvé { endpoint: '/api/users/:uuid', method: 'GET', uuid: '5', status: 404 }
[WARN] Route non trouvée { endpoint: '/favicon.ico', method: 'GET', status: 404 }
[INFO] Récupération d'un utilisateur { endpoint: '/api/users/:uuid', method: 'GET', uuid: '5', delay: 0 }
[WARN] Utilisateur non trouvé { endpoint: '/api/users/:uuid', method: 'GET', uuid: '5', status: 404 }
[WARN] Route non trouvée { endpoint: '/favicon.ico', method: 'GET', status: 404 }
[INFO] Récupération d'un utilisateur { endpoint: '/api/users/:uuid', method: 'GET', uuid: '5', delay: 0 }
[WARN] Utilisateur non trouvé { endpoint: '/api/users/:uuid', method: 'GET', uuid: '5', status: 404 }
[WARN] Route non trouvée { endpoint: '/favicon.ico', method: 'GET', status: 404 }
[INFO] Récupération d'un utilisateur { endpoint: '/api/users/:uuid', method: 'GET', uuid: '5', delay: 0 }
[WARN] Utilisateur non trouvé { endpoint: '/api/users/:uuid', method: 'GET', uuid: '5', status: 404 }
[WARN] Route non trouvée { endpoint: '/favicon.ico', method: 'GET', status: 404 }
[INFO] Récupération d'un utilisateur { endpoint: '/api/users/:uuid', method: 'GET', uuid: '5', delay: 0 }
[WARN] Utilisateur non trouvé { endpoint: '/api/users/:uuid', method: 'GET', uuid: '5', status: 404 }
[WARN] Route non trouvée { endpoint: '/favicon.ico', method: 'GET', status: 404 }
[INFO] Récupération d'un utilisateur { endpoint: '/api/users/:uuid', method: 'GET', uuid: '5', delay: 0 }
[WARN] Utilisateur non trouvé { endpoint: '/api/users/:uuid', method: 'GET', uuid: '5', status: 404 }
[WARN] Route non trouvée { endpoint: '/favicon.ico', method: 'GET', status: 404 }
[INFO] Récupération d'un utilisateur { endpoint: '/api/users/:uuid', method: 'GET', uuid: '5', delay: 0 }
[WARN] Utilisateur non trouvé { endpoint: '/api/users/:uuid', method: 'GET', uuid: '5', status: 404 }
[WARN] Route non trouvée { endpoint: '/favicon.ico', method: 'GET', status: 404 }
[INFO] Récupération d'un utilisateur { endpoint: '/api/users/:uuid', method: 'GET', uuid: '5', delay: 0 }
[WARN] Utilisateur non trouvé { endpoint: '/api/users/:uuid', method: 'GET', uuid: '5', status: 404 }
[WARN] Route non trouvée { endpoint: '/favicon.ico', method: 'GET', status: 404 }
[INFO] Récupération d'un utilisateur { endpoint: '/api/users/:uuid', method: 'GET', uuid: '5', delay: 0 }
[WARN] Utilisateur non trouvé { endpoint: '/api/users/:uuid', method: 'GET', uuid: '5', status: 404 }
[WARN] Route non trouvée { endpoint: '/favicon.ico', method: 'GET', status: 404 }
[INFO] Récupération d'un utilisateur { endpoint: '/api/users/:uuid', method: 'GET', uuid: '5', delay: 0 }
[WARN] Utilisateur non trouvé { endpoint: '/api/users/:uuid', method: 'GET', uuid: '5', status: 404 }
[WARN] Route non trouvée { endpoint: '/favicon.ico', method: 'GET', status: 404 }
[INFO] Récupération d'un utilisateur { endpoint: '/api/users/:uuid', method: 'GET', uuid: '5', delay: 0 }
[WARN] Utilisateur non trouvé { endpoint: '/api/users/:uuid', method: 'GET', uuid: '5', status: 404 }
[WARN] Route non trouvée { endpoint: '/favicon.ico', method: 'GET', status: 404 }
[INFO] Récupération d'un utilisateur { endpoint: '/api/users/:uuid', method: 'GET', uuid: '5', delay: 0 }
[WARN] Utilisateur non trouvé { endpoint: '/api/users/:uuid', method: 'GET', uuid: '5', status: 404 }
[WARN] Route non trouvée { endpoint: '/favicon.ico', method: 'GET', status: 404 }
[INFO] Récupération d'un utilisateur { endpoint: '/api/users/:uuid', method: 'GET', uuid: '5', delay: 0 }
[WARN] Utilisateur non trouvé { endpoint: '/api/users/:uuid', method: 'GET', uuid: '5', status: 404 }
[WARN] Route non trouvée { endpoint: '/favicon.ico', method: 'GET', status: 404 }
[INFO] Récupération d'un utilisateur { endpoint: '/api/users/:uuid', method: 'GET', uuid: '5', delay: 0 }
[WARN] Utilisateur non trouvé { endpoint: '/api/users/:uuid', method: 'GET', uuid: '5', status: 404 }
[WARN] Route non trouvée { endpoint: '/favicon.ico', method: 'GET', status: 404 }
[INFO] Récupération d'un utilisateur { endpoint: '/api/users/:uuid', method: 'GET', uuid: '5', delay: 0 }
[WARN] Utilisateur non trouvé { endpoint: '/api/users/:uuid', method: 'GET', uuid: '5', status: 404 }
[WARN] Route non trouvée { endpoint: '/favicon.ico', method: 'GET', status: 404 }
[INFO] Récupération d'un utilisateur { endpoint: '/api/users/:uuid', method: 'GET', uuid: '5', delay: 0 }
[WARN] Utilisateur non trouvé { endpoint: '/api/users/:uuid', method: 'GET', uuid: '5', status: 404 }
[WARN] Route non trouvée { endpoint: '/favicon.ico', method: 'GET', status: 404 }
[INFO] Récupération d'un utilisateur { endpoint: '/api/users/:uuid', method: 'GET', uuid: '5', delay: 0 }
[WARN] Utilisateur non trouvé { endpoint: '/api/users/:uuid', method: 'GET', uuid: '5', status: 404 }
[WARN] Route non trouvée { endpoint: '/favicon.ico', method: 'GET', status: 404 }
[INFO] Récupération d'un utilisateur { endpoint: '/api/users/:uuid', method: 'GET', uuid: '5', delay: 0 }
[WARN] Utilisateur non trouvé { endpoint: '/api/users/:uuid', method: 'GET', uuid: '5', status: 404 }
[WARN] Route non trouvée { endpoint: '/favicon.ico', method: 'GET', status: 404 }
[INFO] Récupération d'un utilisateur { endpoint: '/api/users/:uuid', method: 'GET', uuid: '5', delay: 0 }
[WARN] Utilisateur non trouvé { endpoint: '/api/users/:uuid', method: 'GET', uuid: '5', status: 404 }
[WARN] Route non trouvée { endpoint: '/favicon.ico', method: 'GET', status: 404 }
[INFO] Récupération d'un utilisateur { endpoint: '/api/users/:uuid', method: 'GET', uuid: '5', delay: 0 }
[WARN] Utilisateur non trouvé { endpoint: '/api/users/:uuid', method: 'GET', uuid: '5', status: 404 }
[WARN] Route non trouvée { endpoint: '/favicon.ico', method: 'GET', status: 404 }
[INFO] Récupération d'un utilisateur { endpoint: '/api/users/:uuid', method: 'GET', uuid: '5', delay: 0 }
[WARN] Utilisateur non trouvé { endpoint: '/api/users/:uuid', method: 'GET', uuid: '5', status: 404 }
[WARN] Route non trouvée { endpoint: '/favicon.ico', method: 'GET', status: 404 }
[INFO] Health check demandé { endpoint: '/health', method: 'GET', delay: 0 }
[INFO] Health check réussi { endpoint: '/health', method: 'GET', status: 'healthy' }
[INFO] Récupération d'un utilisateur { endpoint: '/api/users/:uuid', method: 'GET', uuid: '5', delay: 0 }
[WARN] Utilisateur non trouvé { endpoint: '/api/users/:uuid', method: 'GET', uuid: '5', status: 404 }
[WARN] Route non trouvée { endpoint: '/favicon.ico', method: 'GET', status: 404 }
[INFO] Récupération d'un utilisateur { endpoint: '/api/users/:uuid', method: 'GET', uuid: '5', delay: 0 }
[WARN] Utilisateur non trouvé { endpoint: '/api/users/:uuid', method: 'GET', uuid: '5', status: 404 }
[WARN] Route non trouvée { endpoint: '/favicon.ico', method: 'GET', status: 404 }
[INFO] Récupération d'un utilisateur { endpoint: '/api/users/:uuid', method: 'GET', uuid: '5', delay: 0 }
[WARN] Utilisateur non trouvé { endpoint: '/api/users/:uuid', method: 'GET', uuid: '5', status: 404 }
[WARN] Route non trouvée { endpoint: '/favicon.ico', method: 'GET', status: 404 }
[INFO] Récupération d'un utilisateur { endpoint: '/api/users/:uuid', method: 'GET', uuid: '5', delay: 0 }
[WARN] Utilisateur non trouvé { endpoint: '/api/users/:uuid', method: 'GET', uuid: '5', status: 404 }
[WARN] Route non trouvée { endpoint: '/favicon.ico', method: 'GET', status: 404 }
[INFO] Récupération d'un utilisateur { endpoint: '/api/users/:uuid', method: 'GET', uuid: '5', delay: 0 }
[WARN] Utilisateur non trouvé { endpoint: '/api/users/:uuid', method: 'GET', uuid: '5', status: 404 }
[WARN] Route non trouvée { endpoint: '/favicon.ico', method: 'GET', status: 404 }
[INFO] Récupération d'un utilisateur { endpoint: '/api/users/:uuid', method: 'GET', uuid: '5', delay: 0 }
[WARN] Utilisateur non trouvé { endpoint: '/api/users/:uuid', method: 'GET', uuid: '5', status: 404 }
[WARN] Route non trouvée { endpoint: '/favicon.ico', method: 'GET', status: 404 }
[INFO] Récupération d'un utilisateur { endpoint: '/api/users/:uuid', method: 'GET', uuid: '5', delay: 0 }
[WARN] Utilisateur non trouvé { endpoint: '/api/users/:uuid', method: 'GET', uuid: '5', status: 404 }
[WARN] Route non trouvée { endpoint: '/favicon.ico', method: 'GET', status: 404 }
[INFO] Récupération d'un utilisateur { endpoint: '/api/users/:uuid', method: 'GET', uuid: '5', delay: 0 }
[WARN] Utilisateur non trouvé { endpoint: '/api/users/:uuid', method: 'GET', uuid: '5', status: 404 }
[WARN] Route non trouvée { endpoint: '/favicon.ico', method: 'GET', status: 404 }
[INFO] Récupération d'un utilisateur { endpoint: '/api/users/:uuid', method: 'GET', uuid: '5', delay: 0 }
[WARN] Utilisateur non trouvé { endpoint: '/api/users/:uuid', method: 'GET', uuid: '5', status: 404 }
[WARN] Route non trouvée { endpoint: '/favicon.ico', method: 'GET', status: 404 }
[INFO] Récupération d'un utilisateur { endpoint: '/api/users/:uuid', method: 'GET', uuid: '5', delay: 0 }
[WARN] Utilisateur non trouvé { endpoint: '/api/users/:uuid', method: 'GET', uuid: '5', status: 404 }
[WARN] Route non trouvée { endpoint: '/favicon.ico', method: 'GET', status: 404 }
[INFO] Récupération d'un utilisateur { endpoint: '/api/users/:uuid', method: 'GET', uuid: '5', delay: 0 }
[WARN] Utilisateur non trouvé { endpoint: '/api/users/:uuid', method: 'GET', uuid: '5', status: 404 }
[WARN] Route non trouvée { endpoint: '/favicon.ico', method: 'GET', status: 404 }
[INFO] Récupération d'un utilisateur { endpoint: '/api/users/:uuid', method: 'GET', uuid: '5', delay: 0 }
[WARN] Utilisateur non trouvé { endpoint: '/api/users/:uuid', method: 'GET', uuid: '5', status: 404 }
[WARN] Route non trouvée { endpoint: '/favicon.ico', method: 'GET', status: 404 }
[INFO] Récupération d'un utilisateur { endpoint: '/api/users/:uuid', method: 'GET', uuid: '5', delay: 0 }
[WARN] Utilisateur non trouvé { endpoint: '/api/users/:uuid', method: 'GET', uuid: '5', status: 404 }
[WARN] Route non trouvée { endpoint: '/favicon.ico', method: 'GET', status: 404 }
[INFO] Récupération d'un utilisateur { endpoint: '/api/users/:uuid', method: 'GET', uuid: '5', delay: 0 }
[WARN] Utilisateur non trouvé { endpoint: '/api/users/:uuid', method: 'GET', uuid: '5', status: 404 }
[WARN] Route non trouvée { endpoint: '/favicon.ico', method: 'GET', status: 404 }
[INFO] Récupération d'un utilisateur { endpoint: '/api/users/:uuid', method: 'GET', uuid: '5', delay: 0 }
[WARN] Utilisateur non trouvé { endpoint: '/api/users/:uuid', method: 'GET', uuid: '5', status: 404 }
[WARN] Route non trouvée { endpoint: '/favicon.ico', method: 'GET', status: 404 }
[INFO] Health check demandé { endpoint: '/health', method: 'GET', delay: 0 }
[INFO] Health check réussi { endpoint: '/health', method: 'GET', status: 'healthy' }
[INFO] Health check demandé { endpoint: '/health', method: 'GET', delay: 0 }
[INFO] Health check réussi { endpoint: '/health', method: 'GET', status: 'healthy' }
[INFO] Health check demandé { endpoint: '/health', method: 'GET', delay: 0 }
[INFO] Health check réussi { endpoint: '/health', method: 'GET', status: 'healthy' }
[INFO] Health check demandé { endpoint: '/health', method: 'GET', delay: 0 }
[INFO] Health check réussi { endpoint: '/health', method: 'GET', status: 'healthy' }
[INFO] Health check demandé { endpoint: '/health', method: 'GET', delay: 0 }
[INFO] Health check réussi { endpoint: '/health', method: 'GET', status: 'healthy' }
[INFO] Health check demandé { endpoint: '/health', method: 'GET', delay: 0 }
[INFO] Health check réussi { endpoint: '/health', method: 'GET', status: 'healthy' }
[INFO] Health check demandé { endpoint: '/health', method: 'GET', delay: 0 }
[INFO] Health check réussi { endpoint: '/health', method: 'GET', status: 'healthy' }
[INFO] Health check demandé { endpoint: '/health', method: 'GET', delay: 0 }
[INFO] Health check réussi { endpoint: '/health', method: 'GET', status: 'healthy' }
[INFO] Health check demandé { endpoint: '/health', method: 'GET', delay: 0 }
[INFO] Health check réussi { endpoint: '/health', method: 'GET', status: 'healthy' }
[INFO] Health check demandé { endpoint: '/health', method: 'GET', delay: 0 }
[INFO] Health check réussi { endpoint: '/health', method: 'GET', status: 'healthy' }
[INFO] Health check demandé { endpoint: '/health', method: 'GET', delay: 0 }
[INFO] Health check réussi { endpoint: '/health', method: 'GET', status: 'healthy' }
[INFO] Health check demandé { endpoint: '/health', method: 'GET', delay: 0 }
[INFO] Health check réussi { endpoint: '/health', method: 'GET', status: 'healthy' }
[INFO] Health check demandé { endpoint: '/health', method: 'GET', delay: 0 }
[INFO] Health check réussi { endpoint: '/health', method: 'GET', status: 'healthy' }
[INFO] Health check demandé { endpoint: '/health', method: 'GET', delay: 0 }
[INFO] Health check réussi { endpoint: '/health', method: 'GET', status: 'healthy' }
[INFO] Health check demandé { endpoint: '/health', method: 'GET', delay: 0 }
[INFO] Health check réussi { endpoint: '/health', method: 'GET', status: 'healthy' }
[INFO] Health check demandé { endpoint: '/health', method: 'GET', delay: 0 }
[INFO] Health check réussi { endpoint: '/health', method: 'GET', status: 'healthy' }
[INFO] Health check demandé { endpoint: '/health', method: 'GET', delay: 0 }
[INFO] Health check réussi { endpoint: '/health', method: 'GET', status: 'healthy' }
[INFO] Health check demandé { endpoint: '/health', method: 'GET', delay: 0 }
[INFO] Health check réussi { endpoint: '/health', method: 'GET', status: 'healthy' }
[INFO] Health check demandé { endpoint: '/health', method: 'GET', delay: 0 }
[INFO] Health check réussi { endpoint: '/health', method: 'GET', status: 'healthy' }
[INFO] Health check demandé { endpoint: '/health', method: 'GET', delay: 0 }
[INFO] Health check réussi { endpoint: '/health', method: 'GET', status: 'healthy' }
[INFO] Health check demandé { endpoint: '/health', method: 'GET', delay: 0 }
[INFO] Health check réussi { endpoint: '/health', method: 'GET', status: 'healthy' }
[INFO] Health check demandé { endpoint: '/health', method: 'GET', delay: 0 }
[INFO] Health check réussi { endpoint: '/health', method: 'GET', status: 'healthy' }
[INFO] Health check demandé { endpoint: '/health', method: 'GET', delay: 0 }
[INFO] Health check réussi { endpoint: '/health', method: 'GET', status: 'healthy' }
[INFO] Health check demandé { endpoint: '/health', method: 'GET', delay: 0 }
[INFO] Health check réussi { endpoint: '/health', method: 'GET', status: 'healthy' }
[INFO] Health check demandé { endpoint: '/health', method: 'GET', delay: 0 }
[INFO] Health check réussi { endpoint: '/health', method: 'GET', status: 'healthy' }
[INFO] Health check demandé { endpoint: '/health', method: 'GET', delay: 0 }
[INFO] Health check réussi { endpoint: '/health', method: 'GET', status: 'healthy' }
[INFO] Health check demandé { endpoint: '/health', method: 'GET', delay: 0 }
[INFO] Health check réussi { endpoint: '/health', method: 'GET', status: 'healthy' }
[INFO] Health check demandé { endpoint: '/health', method: 'GET', delay: 0 }
[INFO] Health check réussi { endpoint: '/health', method: 'GET', status: 'healthy' }
[INFO] Health check demandé { endpoint: '/health', method: 'GET', delay: 0 }
[INFO] Health check réussi { endpoint: '/health', method: 'GET', status: 'healthy' }
[INFO] Health check demandé { endpoint: '/health', method: 'GET', delay: 0 }
[INFO] Health check réussi { endpoint: '/health', method: 'GET', status: 'healthy' }
[INFO] Health check demandé { endpoint: '/health', method: 'GET', delay: 0 }
[INFO] Health check réussi { endpoint: '/health', method: 'GET', status: 'healthy' }
[INFO] Health check demandé { endpoint: '/health', method: 'GET', delay: 0 }
[INFO] Health check réussi { endpoint: '/health', method: 'GET', status: 'healthy' }
ime_ms":4}
{"timestamp":"2025-11-04T17:34:15.790Z","level":"WARN","message":"Route non trouvée","context":{"endpoint":"/favicon.ico","method":"GET","status":404}}
{"timestamp":"2025-11-04T17:34:15.906Z","level":"INFO","message":"Récupération d'un utilisateur","context":{"endpoint":"/api/users/:uuid","method":"GET","uuid":"5","delay":0}}
{"timestamp":"2025-11-04T17:34:15.914Z","level":"WARN","message":"Utilisateur non trouvé","context":{"endpoint":"/api/users/:uuid","method":"GET","uuid":"5","status":404},"processing_time_ms":8}
{"timestamp":"2025-11-04T17:34:15.934Z","level":"WARN","message":"Route non trouvée","context":{"endpoint":"/favicon.ico","method":"GET","status":404}}
{"timestamp":"2025-11-04T17:34:16.080Z","level":"INFO","message":"Récupération d'un utilisateur","context":{"endpoint":"/api/users/:uuid","method":"GET","uuid":"5","delay":0}}
{"timestamp":"2025-11-04T17:34:16.084Z","level":"WARN","message":"Utilisateur non trouvé","context":{"endpoint":"/api/users/:uuid","method":"GET","uuid":"5","status":404},"processing_time_ms":4}
{"timestamp":"2025-11-04T17:34:16.108Z","level":"WARN","message":"Route non trouvée","context":{"endpoint":"/favicon.ico","method":"GET","status":404}}
{"timestamp":"2025-11-04T17:34:16.231Z","level":"INFO","message":"Récupération d'un utilisateur","context":{"endpoint":"/api/users/:uuid","method":"GET","uuid":"5","delay":0}}
{"timestamp":"2025-11-04T17:34:16.234Z","level":"WARN","message":"Utilisateur non trouvé","context":{"endpoint":"/api/users/:uuid","method":"GET","uuid":"5","status":404},"processing_time_ms":3}
{"timestamp":"2025-11-04T17:34:16.255Z","level":"WARN","message":"Route non trouvée","context":{"endpoint":"/favicon.ico","method":"GET","status":404}}
{"timestamp":"2025-11-04T17:34:16.396Z","level":"INFO","message":"Récupération d'un utilisateur","context":{"endpoint":"/api/users/:uuid","method":"GET","uuid":"5","delay":0}}
{"timestamp":"2025-11-04T17:34:16.401Z","level":"WARN","message":"Utilisateur non trouvé","context":{"endpoint":"/api/users/:uuid","method":"GET","uuid":"5","status":404},"processing_time_ms":5}
{"timestamp":"2025-11-04T17:34:16.423Z","level":"WARN","message":"Route non trouvée","context":{"endpoint":"/favicon.ico","method":"GET","status":404}}
{"timestamp":"2025-11-04T17:34:16.547Z","level":"INFO","message":"Récupération d'un utilisateur","context":{"endpoint":"/api/users/:uuid","method":"GET","uuid":"5","delay":0}}
{"timestamp":"2025-11-04T17:34:16.553Z","level":"WARN","message":"Utilisateur non trouvé","context":{"endpoint":"/api/users/:uuid","method":"GET","uuid":"5","status":404},"processing_time_ms":6}
{"timestamp":"2025-11-04T17:34:16.568Z","level":"WARN","message":"Route non trouvée","context":{"endpoint":"/favicon.ico","method":"GET","status":404}}
{"timestamp":"2025-11-04T17:34:16.723Z","level":"INFO","message":"Récupération d'un utilisateur","context":{"endpoint":"/api/users/:uuid","method":"GET","uuid":"5","delay":0}}
{"timestamp":"2025-11-04T17:34:16.736Z","level":"WARN","message":"Utilisateur non trouvé","context":{"endpoint":"/api/users/:uuid","method":"GET","uuid":"5","status":404},"processing_time_ms":13}
{"timestamp":"2025-11-04T17:34:16.757Z","level":"WARN","message":"Route non trouvée","context":{"endpoint":"/favicon.ico","method":"GET","status":404}}
{"timestamp":"2025-11-04T17:34:16.872Z","level":"INFO","message":"Récupération d'un utilisateur","context":{"endpoint":"/api/users/:uuid","method":"GET","uuid":"5","delay":0}}
{"timestamp":"2025-11-04T17:34:16.876Z","level":"WARN","message":"Utilisateur non trouvé","context":{"endpoint":"/api/users/:uuid","method":"GET","uuid":"5","status":404},"processing_time_ms":4}
{"timestamp":"2025-11-04T17:34:16.893Z","level":"WARN","message":"Route non trouvée","context":{"endpoint":"/favicon.ico","method":"GET","status":404}}
{"timestamp":"2025-11-04T17:34:17.044Z","level":"INFO","message":"Récupération d'un utilisateur","context":{"endpoint":"/api/users/:uuid","method":"GET","uuid":"5","delay":0}}
{"timestamp":"2025-11-04T17:34:17.050Z","level":"WARN","message":"Utilisateur non trouvé","context":{"endpoint":"/api/users/:uuid","method":"GET","uuid":"5","status":404},"processing_time_ms":6}
{"timestamp":"2025-11-04T17:34:17.070Z","level":"WARN","message":"Route non trouvée","context":{"endpoint":"/favicon.ico","method":"GET","status":404}}
{"timestamp":"2025-11-04T17:34:17.200Z","level":"INFO","message":"Récupération d'un utilisateur","context":{"endpoint":"/api/users/:uuid","method":"GET","uuid":"5","delay":0}}
{"timestamp":"2025-11-04T17:34:17.205Z","level":"WARN","message":"Utilisateur non trouvé","context":{"endpoint":"/api/users/:uuid","method":"GET","uuid":"5","status":404},"processing_time_ms":5}
{"timestamp":"2025-11-04T17:34:17.218Z","level":"WARN","message":"Route non trouvée","context":{"endpoint":"/favicon.ico","method":"GET","status":404}}
{"timestamp":"2025-11-04T17:34:17.361Z","level":"INFO","message":"Récupération d'un utilisateur","context":{"endpoint":"/api/users/:uuid","method":"GET","uuid":"5","delay":0}}
{"timestamp":"2025-11-04T17:34:17.363Z","level":"WARN","message":"Utilisateur non trouvé","context":{"endpoint":"/api/users/:uuid","method":"GET","uuid":"5","status":404},"processing_time_ms":2}
{"timestamp":"2025-11-04T17:34:17.378Z","level":"WARN","message":"Route non trouvée","context":{"endpoint":"/favicon.ico","method":"GET","status":404}}
{"timestamp":"2025-11-04T17:34:17.480Z","level":"INFO","message":"Récupération d'un utilisateur","context":{"endpoint":"/api/users/:uuid","method":"GET","uuid":"5","delay":0}}
{"timestamp":"2025-11-04T17:34:17.485Z","level":"WARN","message":"Utilisateur non trouvé","context":{"endpoint":"/api/users/:uuid","method":"GET","uuid":"5","status":404},"processing_time_ms":5}
{"timestamp":"2025-11-04T17:34:17.501Z","level":"WARN","message":"Route non trouvée","context":{"endpoint":"/favicon.ico","method":"GET","status":404}}
{"timestamp":"2025-11-04T17:34:17.640Z","level":"INFO","message":"Récupération d'un utilisateur","context":{"endpoint":"/api/users/:uuid","method":"GET","uuid":"5","delay":0}}
{"timestamp":"2025-11-04T17:34:17.643Z","level":"WARN","message":"Utilisateur non trouvé","context":{"endpoint":"/api/users/:uuid","method":"GET","uuid":"5","status":404},"processing_time_ms":3}
{"timestamp":"2025-11-04T17:34:17.660Z","level":"WARN","message":"Route non trouvée","context":{"endpoint":"/favicon.ico","method":"GET","status":404}}
{"timestamp":"2025-11-04T17:34:17.788Z","level":"INFO","message":"Récupération d'un utilisateur","context":{"endpoint":"/api/users/:uuid","method":"GET","uuid":"5","delay":0}}
{"timestamp":"2025-11-04T17:34:17.793Z","level":"WARN","message":"Utilisateur non trouvé","context":{"endpoint":"/api/users/:uuid","method":"GET","uuid":"5","status":404},"processing_time_ms":5}
{"timestamp":"2025-11-04T17:34:17.808Z","level":"WARN","message":"Route non trouvée","context":{"endpoint":"/favicon.ico","method":"GET","status":404}}
{"timestamp":"2025-11-04T17:34:17.954Z","level":"INFO","message":"Récupération d'un utilisateur","context":{"endpoint":"/api/users/:uuid","method":"GET","uuid":"5","delay":0}}
{"timestamp":"2025-11-04T17:34:17.957Z","level":"WARN","message":"Utilisateur non trouvé","context":{"endpoint":"/api/users/:uuid","method":"GET","uuid":"5","status":404},"processing_time_ms":3}
{"timestamp":"2025-11-04T17:34:17.973Z","level":"WARN","message":"Route non trouvée","context":{"endpoint":"/favicon.ico","method":"GET","status":404}}
{"timestamp":"2025-11-04T17:34:18.131Z","level":"INFO","message":"Récupération d'un utilisateur","context":{"endpoint":"/api/users/:uuid","method":"GET","uuid":"5","delay":0}}
{"timestamp":"2025-11-04T17:34:18.142Z","level":"WARN","message":"Utilisateur non trouvé","context":{"endpoint":"/api/users/:uuid","method":"GET","uuid":"5","status":404},"processing_time_ms":11}
{"timestamp":"2025-11-04T17:34:18.172Z","level":"WARN","message":"Route non trouvée","context":{"endpoint":"/favicon.ico","method":"GET","status":404}}
{"timestamp":"2025-11-04T17:34:18.279Z","level":"INFO","message":"Récupération d'un utilisateur","context":{"endpoint":"/api/users/:uuid","method":"GET","uuid":"5","delay":0}}
{"timestamp":"2025-11-04T17:34:18.281Z","level":"WARN","message":"Utilisateur non trouvé","context":{"endpoint":"/api/users/:uuid","method":"GET","uuid":"5","status":404},"processing_time_ms":2}
{"timestamp":"2025-11-04T17:34:18.295Z","level":"WARN","message":"Route non trouvée","context":{"endpoint":"/favicon.ico","method":"GET","status":404}}
{"timestamp":"2025-11-04T17:34:18.435Z","level":"INFO","message":"Récupération d'un utilisateur","context":{"endpoint":"/api/users/:uuid","method":"GET","uuid":"5","delay":0}}
{"timestamp":"2025-11-04T17:34:18.446Z","level":"WARN","message":"Utilisateur non trouvé","context":{"endpoint":"/api/users/:uuid","method":"GET","uuid":"5","status":404},"processing_time_ms":11}
{"timestamp":"2025-11-04T17:34:18.462Z","level":"WARN","message":"Route non trouvée","context":{"endpoint":"/favicon.ico","method":"GET","status":404}}
{"timestamp":"2025-11-04T17:34:18.597Z","level":"INFO","message":"Récupération d'un utilisateur","context":{"endpoint":"/api/users/:uuid","method":"GET","uuid":"5","delay":0}}
{"timestamp":"2025-11-04T17:34:18.601Z","level":"WARN","message":"Utilisateur non trouvé","context":{"endpoint":"/api/users/:uuid","method":"GET","uuid":"5","status":404},"processing_time_ms":4}
{"timestamp":"2025-11-04T17:34:18.622Z","level":"WARN","message":"Route non trouvée","context":{"endpoint":"/favicon.ico","method":"GET","status":404}}
{"timestamp":"2025-11-04T17:34:18.762Z","level":"INFO","message":"Récupération d'un utilisateur","context":{"endpoint":"/api/users/:uuid","method":"GET","uuid":"5","delay":0}}
{"timestamp":"2025-11-04T17:34:18.765Z","level":"WARN","message":"Utilisateur non trouvé","context":{"endpoint":"/api/users/:uuid","method":"GET","uuid":"5","status":404},"processing_time_ms":3}
{"timestamp":"2025-11-04T17:34:18.782Z","level":"WARN","message":"Route non trouvée","context":{"endpoint":"/favicon.ico","method":"GET","status":404}}
{"timestamp":"2025-11-04T17:34:18.928Z","level":"INFO","message":"Récupération d'un utilisateur","context":{"endpoint":"/api/users/:uuid","method":"GET","uuid":"5","delay":0}}
{"timestamp":"2025-11-04T17:34:18.931Z","level":"WARN","message":"Utilisateur non trouvé","context":{"endpoint":"/api/users/:uuid","method":"GET","uuid":"5","status":404},"processing_time_ms":3}
{"timestamp":"2025-11-04T17:34:18.946Z","level":"WARN","message":"Route non trouvée","context":{"endpoint":"/favicon.ico","method":"GET","status":404}}
{"timestamp":"2025-11-04T17:34:19.089Z","level":"INFO","message":"Récupération d'un utilisateur","context":{"endpoint":"/api/users/:uuid","method":"GET","uuid":"5","delay":0}}
{"timestamp":"2025-11-04T17:34:19.093Z","level":"WARN","message":"Utilisateur non trouvé","context":{"endpoint":"/api/users/:uuid","method":"GET","uuid":"5","status":404},"processing_time_ms":4}
{"timestamp":"2025-11-04T17:34:19.108Z","level":"WARN","message":"Route non trouvée","context":{"endpoint":"/favicon.ico","method":"GET","status":404}}
{"timestamp":"2025-11-04T17:34:19.248Z","level":"INFO","message":"Récupération d'un utilisateur","context":{"endpoint":"/api/users/:uuid","method":"GET","uuid":"5","delay":0}}
{"timestamp":"2025-11-04T17:34:19.251Z","level":"WARN","message":"Utilisateur non trouvé","context":{"endpoint":"/api/users/:uuid","method":"GET","uuid":"5","status":404},"processing_time_ms":3}
{"timestamp":"2025-11-04T17:34:19.273Z","level":"WARN","message":"Route non trouvée","context":{"endpoint":"/favicon.ico","method":"GET","status":404}}
{"timestamp":"2025-11-04T17:34:19.390Z","level":"INFO","message":"Récupération d'un utilisateur","context":{"endpoint":"/api/users/:uuid","method":"GET","uuid":"5","delay":0}}
{"timestamp":"2025-11-04T17:34:19.394Z","level":"WARN","message":"Utilisateur non trouvé","context":{"endpoint":"/api/users/:uuid","method":"GET","uuid":"5","status":404},"processing_time_ms":4}
{"timestamp":"2025-11-04T17:34:19.413Z","level":"WARN","message":"Route non trouvée","context":{"endpoint":"/favicon.ico","method":"GET","status":404}}
{"timestamp":"2025-11-04T17:34:19.562Z","level":"INFO","message":"Récupération d'un utilisateur","context":{"endpoint":"/api/users/:uuid","method":"GET","uuid":"5","delay":0}}
{"timestamp":"2025-11-04T17:34:19.569Z","level":"WARN","message":"Utilisateur non trouvé","context":{"endpoint":"/api/users/:uuid","method":"GET","uuid":"5","status":404},"processing_time_ms":7}
{"timestamp":"2025-11-04T17:34:19.595Z","level":"WARN","message":"Route non trouvée","context":{"endpoint":"/favicon.ico","method":"GET","status":404}}
{"timestamp":"2025-11-04T17:34:19.717Z","level":"INFO","message":"Récupération d'un utilisateur","context":{"endpoint":"/api/users/:uuid","method":"GET","uuid":"5","delay":0}}
{"timestamp":"2025-11-04T17:34:19.720Z","level":"WARN","message":"Utilisateur non trouvé","context":{"endpoint":"/api/users/:uuid","method":"GET","uuid":"5","status":404},"processing_time_ms":3}
{"timestamp":"2025-11-04T17:34:19.741Z","level":"WARN","message":"Route non trouvée","context":{"endpoint":"/favicon.ico","method":"GET","status":404}}
{"timestamp":"2025-11-04T17:34:19.884Z","level":"INFO","message":"Récupération d'un utilisateur","context":{"endpoint":"/api/users/:uuid","method":"GET","uuid":"5","delay":0}}
{"timestamp":"2025-11-04T17:34:19.889Z","level":"WARN","message":"Utilisateur non trouvé","context":{"endpoint":"/api/users/:uuid","method":"GET","uuid":"5","status":404},"processing_time_ms":5}
{"timestamp":"2025-11-04T17:34:19.907Z","level":"WARN","message":"Route non trouvée","context":{"endpoint":"/favicon.ico","method":"GET","status":404}}
{"timestamp":"2025-11-04T17:34:20.033Z","level":"INFO","message":"Récupération d'un utilisateur","context":{"endpoint":"/api/users/:uuid","method":"GET","uuid":"5","delay":0}}
{"timestamp":"2025-11-04T17:34:20.037Z","level":"WARN","message":"Utilisateur non trouvé","context":{"endpoint":"/api/users/:uuid","method":"GET","uuid":"5","status":404},"processing_time_ms":4}
{"timestamp":"2025-11-04T17:34:20.060Z","level":"WARN","message":"Route non trouvée","context":{"endpoint":"/favicon.ico","method":"GET","status":404}}
{"timestamp":"2025-11-04T17:34:20.196Z","level":"INFO","message":"Récupération d'un utilisateur","context":{"endpoint":"/api/users/:uuid","method":"GET","uuid":"5","delay":0}}
{"timestamp":"2025-11-04T17:34:20.198Z","level":"WARN","message":"Utilisateur non trouvé","context":{"endpoint":"/api/users/:uuid","method":"GET","uuid":"5","status":404},"processing_time_ms":2}
{"timestamp":"2025-11-04T17:34:20.218Z","level":"WARN","message":"Route non trouvée","context":{"endpoint":"/favicon.ico","method":"GET","status":404}}
{"timestamp":"2025-11-04T17:34:20.340Z","level":"INFO","message":"Récupération d'un utilisateur","context":{"endpoint":"/api/users/:uuid","method":"GET","uuid":"5","delay":0}}
{"timestamp":"2025-11-04T17:34:20.343Z","level":"WARN","message":"Utilisateur non trouvé","context":{"endpoint":"/api/users/:uuid","method":"GET","uuid":"5","status":404},"processing_time_ms":3}
{"timestamp":"2025-11-04T17:34:20.370Z","level":"WARN","message":"Route non trouvée","context":{"endpoint":"/favicon.ico","method":"GET","status":404}}
{"timestamp":"2025-11-04T17:34:20.503Z","level":"INFO","message":"Récupération d'un utilisateur","context":{"endpoint":"/api/users/:uuid","method":"GET","uuid":"5","delay":0}}
{"timestamp":"2025-11-04T17:34:20.508Z","level":"WARN","message":"Utilisateur non trouvé","context":{"endpoint":"/api/users/:uuid","method":"GET","uuid":"5","status":404},"processing_time_ms":5}
{"timestamp":"2025-11-04T17:34:20.537Z","level":"WARN","message":"Route non trouvée","context":{"endpoint":"/favicon.ico","method":"GET","status":404}}
{"timestamp":"2025-11-04T17:34:20.644Z","level":"INFO","message":"Récupération d'un utilisateur","context":{"endpoint":"/api/users/:uuid","method":"GET","uuid":"5","delay":0}}
{"timestamp":"2025-11-04T17:34:20.648Z","level":"WARN","message":"Utilisateur non trouvé","context":{"endpoint":"/api/users/:uuid","method":"GET","uuid":"5","status":404},"processing_time_ms":4}
{"timestamp":"2025-11-04T17:34:20.662Z","level":"WARN","message":"Route non trouvée","context":{"endpoint":"/favicon.ico","method":"GET","status":404}}
{"timestamp":"2025-11-04T17:34:20.797Z","level":"INFO","message":"Récupération d'un utilisateur","context":{"endpoint":"/api/users/:uuid","method":"GET","uuid":"5","delay":0}}
{"timestamp":"2025-11-04T17:34:20.800Z","level":"WARN","message":"Utilisateur non trouvé","context":{"endpoint":"/api/users/:uuid","method":"GET","uuid":"5","status":404},"processing_time_ms":3}
{"timestamp":"2025-11-04T17:34:20.819Z","level":"WARN","message":"Route non trouvée","context":{"endpoint":"/favicon.ico","method":"GET","status":404}}
{"timestamp":"2025-11-04T17:34:20.931Z","level":"INFO","message":"Récupération d'un utilisateur","context":{"endpoint":"/api/users/:uuid","method":"GET","uuid":"5","delay":0}}
{"timestamp":"2025-11-04T17:34:20.935Z","level":"WARN","message":"Utilisateur non trouvé","context":{"endpoint":"/api/users/:uuid","method":"GET","uuid":"5","status":404},"processing_time_ms":4}
{"timestamp":"2025-11-04T17:34:20.949Z","level":"WARN","message":"Route non trouvée","context":{"endpoint":"/favicon.ico","method":"GET","status":404}}
{"timestamp":"2025-11-04T17:34:21.071Z","level":"INFO","message":"Récupération d'un utilisateur","context":{"endpoint":"/api/users/:uuid","method":"GET","uuid":"5","delay":0}}
{"timestamp":"2025-11-04T17:34:21.076Z","level":"WARN","message":"Utilisateur non trouvé","context":{"endpoint":"/api/users/:uuid","method":"GET","uuid":"5","status":404},"processing_time_ms":5}
{"timestamp":"2025-11-04T17:34:21.094Z","level":"WARN","message":"Route non trouvée","context":{"endpoint":"/favicon.ico","method":"GET","status":404}}
{"timestamp":"2025-11-04T17:34:21.203Z","level":"INFO","message":"Récupération d'un utilisateur","context":{"endpoint":"/api/users/:uuid","method":"GET","uuid":"5","delay":0}}
{"timestamp":"2025-11-04T17:34:21.207Z","level":"WARN","message":"Utilisateur non trouvé","context":{"endpoint":"/api/users/:uuid","method":"GET","uuid":"5","status":404},"processing_time_ms":4}
{"timestamp":"2025-11-04T17:34:21.223Z","level":"WARN","message":"Route non trouvée","context":{"endpoint":"/favicon.ico","method":"GET","status":404}}
{"timestamp":"2025-11-04T17:34:21.344Z","level":"INFO","message":"Récupération d'un utilisateur","context":{"endpoint":"/api/users/:uuid","method":"GET","uuid":"5","delay":0}}
{"timestamp":"2025-11-04T17:34:21.347Z","level":"WARN","message":"Utilisateur non trouvé","context":{"endpoint":"/api/users/:uuid","method":"GET","uuid":"5","status":404},"processing_time_ms":3}
{"timestamp":"2025-11-04T17:34:21.369Z","level":"WARN","message":"Route non trouvée","context":{"endpoint":"/favicon.ico","method":"GET","status":404}}
{"timestamp":"2025-11-04T17:34:21.488Z","level":"INFO","message":"Récupération d'un utilisateur","context":{"endpoint":"/api/users/:uuid","method":"GET","uuid":"5","delay":0}}
{"timestamp":"2025-11-04T17:34:21.491Z","level":"WARN","message":"Utilisateur non trouvé","context":{"endpoint":"/api/users/:uuid","method":"GET","uuid":"5","status":404},"processing_time_ms":3}
{"timestamp":"2025-11-04T17:34:21.507Z","level":"WARN","message":"Route non trouvée","context":{"endpoint":"/favicon.ico","method":"GET","status":404}}
{"timestamp":"2025-11-04T17:34:42.229Z","level":"INFO","message":"Health check demandé","context":{"endpoint":"/health","method":"GET","delay":0}}
{"timestamp":"2025-11-04T17:34:42.232Z","level":"INFO","message":"Health check réussi","context":{"endpoint":"/health","method":"GET","status":"healthy"},"processing_time_ms":3}
{"timestamp":"2025-11-04T17:35:04.452Z","level":"INFO","message":"Récupération d'un utilisateur","context":{"endpoint":"/api/users/:uuid","method":"GET","uuid":"5","delay":0}}
{"timestamp":"2025-11-04T17:35:04.459Z","level":"WARN","message":"Utilisateur non trouvé","context":{"endpoint":"/api/users/:uuid","method":"GET","uuid":"5","status":404},"processing_time_ms":7}
{"timestamp":"2025-11-04T17:35:04.478Z","level":"WARN","message":"Route non trouvée","context":{"endpoint":"/favicon.ico","method":"GET","status":404}}
{"timestamp":"2025-11-04T17:35:04.880Z","level":"INFO","message":"Récupération d'un utilisateur","context":{"endpoint":"/api/users/:uuid","method":"GET","uuid":"5","delay":0}}
{"timestamp":"2025-11-04T17:35:04.883Z","level":"WARN","message":"Utilisateur non trouvé","context":{"endpoint":"/api/users/:uuid","method":"GET","uuid":"5","status":404},"processing_time_ms":3}
{"timestamp":"2025-11-04T17:35:04.900Z","level":"WARN","message":"Route non trouvée","context":{"endpoint":"/favicon.ico","method":"GET","status":404}}
{"timestamp":"2025-11-04T17:35:05.216Z","level":"INFO","message":"Récupération d'un utilisateur","context":{"endpoint":"/api/users/:uuid","method":"GET","uuid":"5","delay":0}}
{"timestamp":"2025-11-04T17:35:05.220Z","level":"WARN","message":"Utilisateur non trouvé","context":{"endpoint":"/api/users/:uuid","method":"GET","uuid":"5","status":404},"processing_time_ms":4}
{"timestamp":"2025-11-04T17:35:05.236Z","level":"WARN","message":"Route non trouvée","context":{"endpoint":"/favicon.ico","method":"GET","status":404}}
{"timestamp":"2025-11-04T17:35:05.530Z","level":"INFO","message":"Récupération d'un utilisateur","context":{"endpoint":"/api/users/:uuid","method":"GET","uuid":"5","delay":0}}
{"timestamp":"2025-11-04T17:35:05.535Z","level":"WARN","message":"Utilisateur non trouvé","context":{"endpoint":"/api/users/:uuid","method":"GET","uuid":"5","status":404},"processing_time_ms":5}
{"timestamp":"2025-11-04T17:35:05.562Z","level":"WARN","message":"Route non trouvée","context":{"endpoint":"/favicon.ico","method":"GET","status":404}}
{"timestamp":"2025-11-04T17:35:05.753Z","level":"INFO","message":"Récupération d'un utilisateur","context":{"endpoint":"/api/users/:uuid","method":"GET","uuid":"5","delay":0}}
{"timestamp":"2025-11-04T17:35:05.768Z","level":"WARN","message":"Utilisateur non trouvé","context":{"endpoint":"/api/users/:uuid","method":"GET","uuid":"5","status":404},"processing_time_ms":15}
{"timestamp":"2025-11-04T17:35:05.791Z","level":"WARN","message":"Route non trouvée","context":{"endpoint":"/favicon.ico","method":"GET","status":404}}
{"timestamp":"2025-11-04T17:35:06.061Z","level":"INFO","message":"Récupération d'un utilisateur","context":{"endpoint":"/api/users/:uuid","method":"GET","uuid":"5","delay":0}}
{"timestamp":"2025-11-04T17:35:06.067Z","level":"WARN","message":"Utilisateur non trouvé","context":{"endpoint":"/api/users/:uuid","method":"GET","uuid":"5","status":404},"processing_time_ms":6}
{"timestamp":"2025-11-04T17:35:06.087Z","level":"WARN","message":"Route non trouvée","context":{"endpoint":"/favicon.ico","method":"GET","status":404}}
{"timestamp":"2025-11-04T17:35:06.278Z","level":"INFO","message":"Récupération d'un utilisateur","context":{"endpoint":"/api/users/:uuid","method":"GET","uuid":"5","delay":0}}
{"timestamp":"2025-11-04T17:35:06.283Z","level":"WARN","message":"Utilisateur non trouvé","context":{"endpoint":"/api/users/:uuid","method":"GET","uuid":"5","status":404},"processing_time_ms":6}
{"timestamp":"2025-11-04T17:35:06.302Z","level":"WARN","message":"Route non trouvée","context":{"endpoint":"/favicon.ico","method":"GET","status":404}}
{"timestamp":"2025-11-04T17:35:06.619Z","level":"INFO","message":"Récupération d'un utilisateur","context":{"endpoint":"/api/users/:uuid","method":"GET","uuid":"5","delay":0}}
{"timestamp":"2025-11-04T17:35:06.626Z","level":"WARN","message":"Utilisateur non trouvé","context":{"endpoint":"/api/users/:uuid","method":"GET","uuid":"5","status":404},"processing_time_ms":7}
{"timestamp":"2025-11-04T17:35:06.644Z","level":"WARN","message":"Route non trouvée","context":{"endpoint":"/favicon.ico","method":"GET","status":404}}
{"timestamp":"2025-11-04T17:35:06.818Z","level":"INFO","message":"Récupération d'un utilisateur","context":{"endpoint":"/api/users/:uuid","method":"GET","uuid":"5","delay":0}}
{"timestamp":"2025-11-04T17:35:06.820Z","level":"WARN","message":"Utilisateur non trouvé","context":{"endpoint":"/api/users/:uuid","method":"GET","uuid":"5","status":404},"processing_time_ms":2}
{"timestamp":"2025-11-04T17:35:06.842Z","level":"WARN","message":"Route non trouvée","context":{"endpoint":"/favicon.ico","method":"GET","status":404}}
{"timestamp":"2025-11-04T17:35:07.106Z","level":"INFO","message":"Récupération d'un utilisateur","context":{"endpoint":"/api/users/:uuid","method":"GET","uuid":"5","delay":0}}
{"timestamp":"2025-11-04T17:35:07.111Z","level":"WARN","message":"Utilisateur non trouvé","context":{"endpoint":"/api/users/:uuid","method":"GET","uuid":"5","status":404},"processing_time_ms":5}
{"timestamp":"2025-11-04T17:35:07.148Z","level":"WARN","message":"Route non trouvée","context":{"endpoint":"/favicon.ico","method":"GET","status":404}}
{"timestamp":"2025-11-04T17:35:07.439Z","level":"INFO","message":"Récupération d'un utilisateur","context":{"endpoint":"/api/users/:uuid","method":"GET","uuid":"5","delay":0}}
{"timestamp":"2025-11-04T17:35:07.442Z","level":"WARN","message":"Utilisateur non trouvé","context":{"endpoint":"/api/users/:uuid","method":"GET","uuid":"5","status":404},"processing_time_ms":3}
{"timestamp":"2025-11-04T17:35:07.458Z","level":"WARN","message":"Route non trouvée","context":{"endpoint":"/favicon.ico","method":"GET","status":404}}
{"timestamp":"2025-11-04T17:35:07.624Z","level":"INFO","message":"Récupération d'un utilisateur","context":{"endpoint":"/api/users/:uuid","method":"GET","uuid":"5","delay":0}}
{"timestamp":"2025-11-04T17:35:07.629Z","level":"WARN","message":"Utilisateur non trouvé","context":{"endpoint":"/api/users/:uuid","method":"GET","uuid":"5","status":404},"processing_time_ms":5}
{"timestamp":"2025-11-04T17:35:07.656Z","level":"WARN","message":"Route non trouvée","context":{"endpoint":"/favicon.ico","method":"GET","status":404}}
{"timestamp":"2025-11-04T17:35:07.897Z","level":"INFO","message":"Récupération d'un utilisateur","context":{"endpoint":"/api/users/:uuid","method":"GET","uuid":"5","delay":0}}
{"timestamp":"2025-11-04T17:35:07.902Z","level":"WARN","message":"Utilisateur non trouvé","context":{"endpoint":"/api/users/:uuid","method":"GET","uuid":"5","status":404},"processing_time_ms":5}
{"timestamp":"2025-11-04T17:35:07.927Z","level":"WARN","message":"Route non trouvée","context":{"endpoint":"/favicon.ico","method":"GET","status":404}}
{"timestamp":"2025-11-04T17:35:08.097Z","level":"INFO","message":"Récupération d'un utilisateur","context":{"endpoint":"/api/users/:uuid","method":"GET","uuid":"5","delay":0}}
{"timestamp":"2025-11-04T17:35:08.112Z","level":"WARN","message":"Utilisateur non trouvé","context":{"endpoint":"/api/users/:uuid","method":"GET","uuid":"5","status":404},"processing_time_ms":16}
{"timestamp":"2025-11-04T17:35:08.130Z","level":"WARN","message":"Route non trouvée","context":{"endpoint":"/favicon.ico","method":"GET","status":404}}
{"timestamp":"2025-11-04T17:35:08.384Z","level":"INFO","message":"Récupération d'un utilisateur","context":{"endpoint":"/api/users/:uuid","method":"GET","uuid":"5","delay":0}}
{"timestamp":"2025-11-04T17:35:08.388Z","level":"WARN","message":"Utilisateur non trouvé","context":{"endpoint":"/api/users/:uuid","method":"GET","uuid":"5","status":404},"processing_time_ms":4}
{"timestamp":"2025-11-04T17:35:08.413Z","level":"WARN","message":"Route non trouvée","context":{"endpoint":"/favicon.ico","method":"GET","status":404}}
{"timestamp":"2025-11-04T17:35:09.982Z","level":"INFO","message":"Health check demandé","context":{"endpoint":"/health","method":"GET","delay":0}}
{"timestamp":"2025-11-04T17:35:09.986Z","level":"INFO","message":"Health check réussi","context":{"endpoint":"/health","method":"GET","status":"healthy"},"processing_time_ms":4}
{"timestamp":"2025-11-04T17:35:37.744Z","level":"INFO","message":"Health check demandé","context":{"endpoint":"/health","method":"GET","delay":0}}
{"timestamp":"2025-11-04T17:35:37.750Z","level":"INFO","message":"Health check réussi","context":{"endpoint":"/health","method":"GET","status":"healthy"},"processing_time_ms":6}
{"timestamp":"2025-11-04T17:36:05.525Z","level":"INFO","message":"Health check demandé","context":{"endpoint":"/health","method":"GET","delay":0}}
{"timestamp":"2025-11-04T17:36:05.529Z","level":"INFO","message":"Health check réussi","context":{"endpoint":"/health","method":"GET","status":"healthy"},"processing_time_ms":4}
{"timestamp":"2025-11-04T17:36:33.263Z","level":"INFO","message":"Health check demandé","context":{"endpoint":"/health","method":"GET","delay":0}}
{"timestamp":"2025-11-04T17:36:33.266Z","level":"INFO","message":"Health check réussi","context":{"endpoint":"/health","method":"GET","status":"healthy"},"processing_time_ms":3}
{"timestamp":"2025-11-04T17:37:01.045Z","level":"INFO","message":"Health check demandé","context":{"endpoint":"/health","method":"GET","delay":0}}
{"timestamp":"2025-11-04T17:37:01.049Z","level":"INFO","message":"Health check réussi","context":{"endpoint":"/health","method":"GET","status":"healthy"},"processing_time_ms":4}
{"timestamp":"2025-11-04T17:37:28.738Z","level":"INFO","message":"Health check demandé","context":{"endpoint":"/health","method":"GET","delay":0}}
{"timestamp":"2025-11-04T17:37:28.744Z","level":"INFO","message":"Health check réussi","context":{"endpoint":"/health","method":"GET","status":"healthy"},"processing_time_ms":6}
{"timestamp":"2025-11-04T17:37:56.651Z","level":"INFO","message":"Health check demandé","context":{"endpoint":"/health","method":"GET","delay":0}}
{"timestamp":"2025-11-04T17:37:56.660Z","level":"INFO","message":"Health check réussi","context":{"endpoint":"/health","method":"GET","status":"healthy"},"processing_time_ms":9}
{"timestamp":"2025-11-04T17:38:24.340Z","level":"INFO","message":"Health check demandé","context":{"endpoint":"/health","method":"GET","delay":0}}
{"timestamp":"2025-11-04T17:38:24.345Z","level":"INFO","message":"Health check réussi","context":{"endpoint":"/health","method":"GET","status":"healthy"},"processing_time_ms":5}
{"timestamp":"2025-11-04T17:38:52.081Z","level":"INFO","message":"Health check demandé","context":{"endpoint":"/health","method":"GET","delay":0}}
{"timestamp":"2025-11-04T17:38:52.083Z","level":"INFO","message":"Health check réussi","context":{"endpoint":"/health","method":"GET","status":"healthy"},"processing_time_ms":2}
{"timestamp":"2025-11-04T17:39:19.855Z","level":"INFO","message":"Health check demandé","context":{"endpoint":"/health","method":"GET","delay":0}}
{"timestamp":"2025-11-04T17:39:19.860Z","level":"INFO","message":"Health check réussi","context":{"endpoint":"/health","method":"GET","status":"healthy"},"processing_time_ms":5}
{"timestamp":"2025-11-04T17:39:47.604Z","level":"INFO","message":"Health check demandé","context":{"endpoint":"/health","method":"GET","delay":0}}
{"timestamp":"2025-11-04T17:39:47.607Z","level":"INFO","message":"Health check réussi","context":{"endpoint":"/health","method":"GET","status":"healthy"},"processing_time_ms":3}
{"timestamp":"2025-11-04T17:40:18.588Z","level":"INFO","message":"Health check demandé","context":{"endpoint":"/health","method":"GET","delay":0}}
{"timestamp":"2025-11-04T17:40:18.592Z","level":"INFO","message":"Health check réussi","context":{"endpoint":"/health","method":"GET","status":"healthy"},"processing_time_ms":4}
{"timestamp":"2025-11-04T17:40:45.337Z","level":"INFO","message":"Health check demandé","context":{"endpoint":"/health","method":"GET","delay":0}}
{"timestamp":"2025-11-04T17:40:45.340Z","level":"INFO","message":"Health check réussi","context":{"endpoint":"/health","method":"GET","status":"healthy"},"processing_time_ms":3}
{"timestamp":"2025-11-04T17:41:18.406Z","level":"INFO","message":"Health check demandé","context":{"endpoint":"/health","method":"GET","delay":0}}
{"timestamp":"2025-11-04T17:41:18.412Z","level":"INFO","message":"Health check réussi","context":{"endpoint":"/health","method":"GET","status":"healthy"},"processing_time_ms":6}
{"timestamp":"2025-11-04T17:41:48.284Z","level":"INFO","message":"Health check demandé","context":{"endpoint":"/health","method":"GET","delay":0}}
{"timestamp":"2025-11-04T17:41:48.287Z","level":"INFO","message":"Health check réussi","context":{"endpoint":"/health","method":"GET","status":"healthy"},"processing_time_ms":3}
{"timestamp":"2025-11-04T17:42:15.069Z","level":"INFO","message":"Health check demandé","context":{"endpoint":"/health","method":"GET","delay":0}}
{"timestamp":"2025-11-04T17:42:15.072Z","level":"INFO","message":"Health check réussi","context":{"endpoint":"/health","method":"GET","status":"healthy"},"processing_time_ms":3}
{"timestamp":"2025-11-04T17:42:45.613Z","level":"INFO","message":"Health check demandé","context":{"endpoint":"/health","method":"GET","delay":0}}
{"timestamp":"2025-11-04T17:42:45.616Z","level":"INFO","message":"Health check réussi","context":{"endpoint":"/health","method":"GET","status":"healthy"},"processing_time_ms":3}
{"timestamp":"2025-11-04T17:43:16.072Z","level":"INFO","message":"Health check demandé","context":{"endpoint":"/health","method":"GET","delay":0}}
{"timestamp":"2025-11-04T17:43:16.076Z","level":"INFO","message":"Health check réussi","context":{"endpoint":"/health","method":"GET","status":"healthy"},"processing_time_ms":4}
{"timestamp":"2025-11-04T17:43:42.852Z","level":"INFO","message":"Health check demandé","context":{"endpoint":"/health","method":"GET","delay":0}}
{"timestamp":"2025-11-04T17:43:42.854Z","level":"INFO","message":"Health check réussi","context":{"endpoint":"/health","method":"GET","status":"healthy"},"processing_time_ms":2}
{"timestamp":"2025-11-04T17:44:12.039Z","level":"INFO","message":"Health check demandé","context":{"endpoint":"/health","method":"GET","delay":0}}
{"timestamp":"2025-11-04T17:44:12.052Z","level":"INFO","message":"Health check réussi","context":{"endpoint":"/health","method":"GET","status":"healthy"},"processing_time_ms":13}
{"timestamp":"2025-11-04T17:44:39.754Z","level":"INFO","message":"Health check demandé","context":{"endpoint":"/health","method":"GET","delay":0}}
{"timestamp":"2025-11-04T17:44:39.757Z","level":"INFO","message":"Health check réussi","context":{"endpoint":"/health","method":"GET","status":"healthy"},"processing_time_ms":3}
{"timestamp":"2025-11-04T17:45:10.754Z","level":"INFO","message":"Health check demandé","context":{"endpoint":"/health","method":"GET","delay":0}}
{"timestamp":"2025-11-04T17:45:10.757Z","level":"INFO","message":"Health check réussi","context":{"endpoint":"/health","method":"GET","status":"healthy"},"processing_time_ms":3}
{"timestamp":"2025-11-04T17:45:39.325Z","level":"INFO","message":"Health check demandé","context":{"endpoint":"/health","method":"GET","delay":0}}
{"timestamp":"2025-11-04T17:45:39.328Z","level":"INFO","message":"Health check réussi","context":{"endpoint":"/health","method":"GET","status":"healthy"},"processing_time_ms":3}
{"timestamp":"2025-11-04T17:46:09.702Z","level":"INFO","message":"Health check demandé","context":{"endpoint":"/health","method":"GET","delay":0}}
{"timestamp":"2025-11-04T17:46:09.717Z","level":"INFO","message":"Health check réussi","context":{"endpoint":"/health","method":"GET","status":"healthy"},"processing_time_ms":15}
{"timestamp":"2025-11-04T17:46:38.668Z","level":"INFO","message":"Health check demandé","context":{"endpoint":"/health","method":"GET","delay":0}}
{"timestamp":"2025-11-04T17:46:38.673Z","level":"INFO","message":"Health check réussi","context":{"endpoint":"/health","method":"GET","status":"healthy"},"processing_time_ms":5}
{"timestamp":"2025-11-04T17:47:05.503Z","level":"INFO","message":"Health check demandé","context":{"endpoint":"/health","method":"GET","delay":0}}
{"timestamp":"2025-11-04T17:47:05.508Z","level":"INFO","message":"Health check réussi","context":{"endpoint":"/health","method":"GET","status":"healthy"},"processing_time_ms":5}
{"timestamp":"2025-11-04T17:47:34.335Z","level":"INFO","message":"Health check demandé","context":{"endpoint":"/health","method":"GET","delay":0}}
{"timestamp":"2025-11-04T17:47:34.337Z","level":"INFO","message":"Health check réussi","context":{"endpoint":"/health","method":"GET","status":"healthy"},"processing_time_ms":2}
{"timestamp":"2025-11-04T17:48:02.068Z","level":"INFO","message":"Health check demandé","context":{"endpoint":"/health","method":"GET","delay":0}}
{"timestamp":"2025-11-04T17:48:02.072Z","level":"INFO","message":"Health check réussi","context":{"endpoint":"/health","method":"GET","status":"healthy"},"processing_time_ms":4}
{"timestamp":"2025-11-04T17:48:29.805Z","level":"INFO","message":"Health check demandé","context":{"endpoint":"/health","method":"GET","delay":0}}
{"timestamp":"2025-11-04T17:48:29.809Z","level":"INFO","message":"Health check réussi","context":{"endpoint":"/health","method":"GET","status":"healthy"},"processing_time_ms":4}
{"timestamp":"2025-11-04T17:48:57.555Z","level":"INFO","message":"Health check demandé","context":{"endpoint":"/health","method":"GET","delay":0}}
{"timestamp":"2025-11-04T17:48:57.559Z","level":"INFO","message":"Health check réussi","context":{"endpoint":"/health","method":"GET","status":"healthy"},"processing_time_ms":4}
{"timestamp":"2025-11-04T17:49:25.322Z","level":"INFO","message":"Health check demandé","context":{"endpoint":"/health","method":"GET","delay":0}}
{"timestamp":"2025-11-04T17:49:25.326Z","level":"INFO","message":"Health check réussi","context":{"endpoint":"/health","method":"GET","status":"healthy"},"processing_time_ms":4}
{"timestamp":"2025-11-04T17:49:53.054Z","level":"INFO","message":"Health check demandé","context":{"endpoint":"/health","method":"GET","delay":0}}
{"timestamp":"2025-11-04T17:49:53.060Z","level":"INFO","message":"Health check réussi","context":{"endpoint":"/health","method":"GET","status":"healthy"},"processing_time_ms":6}
